
                            < M A T L A B (R) >
                  Copyright 1984-2015 The MathWorks, Inc.
                   R2015a (8.5.0.197613) 64-bit (glnxa64)
                             February 12, 2015

 
For online documentation, see http://www.mathworks.com/support
For product information, visit www.mathworks.com.
 

	Academic License


slurm_job_id =

    10924661


task_id =

     3

Contents of HBF1:

HBF1                           - class
compute_dJ_dc_loops            - Computes dJ_dc
learn_HBF1_SGD                 - learn_HBF_parameters_1_hidden_later - learns HBF params from Poggio's Paper
learn_HBF1_alternating_minimization - learn_HBF_parameters_1_hidden_later - learns HBF params from Poggio's Paper
learn_HBF1_batch_GD            - learn_HBF_parameters_1_hidden_later - learns HBF params from Poggio's Paper


HBF1 is both a directory and a function.

 HBF1 class
    class that holds a 1 layered HBF


gau_precision =

    0.5000


num_inits =

     2


iterations =

       50000


eta_c =

    0.0100


visualize =

     0


sgd_errors =

     1


cp_folder =

cp_11feb_j3/


cp_param_files_names =

cp_11feb_j3_%d.m


results_path =

./results/r_11feb_j3/


jobs =

     5


start_centers =

     1


end_centers =

    20


data_set_path =

../../../common/data/data_MNIST_data4CV_5000.mat


gau_precision =

    0.5000


num_inits =

     1


iterations =

       98000


eta_c =

    0.1000


eta_t =

    0.1000


visualize =

     0


sgd_errors =

     1


cp_folder =

cp_11feb_j3/


cp_param_files_names =

cp_11feb_j3_%d.m


results_path =

./results/r_11feb_j3/


jobs =

     3


start_centers =

     1


end_centers =

    10


data_set_path =

../../../common/data/data_MNIST_0.7_0.15_0.15_49000_10500_10500.mat


center =

    10

sgd iteration = 100
sgd iteration = 200
sgd iteration = 300
sgd iteration = 400
sgd iteration = 500
sgd iteration = 600
sgd iteration = 700
sgd iteration = 800
sgd iteration = 900
sgd iteration = 1000
sgd iteration = 1100
sgd iteration = 1200
sgd iteration = 1300
sgd iteration = 1400
sgd iteration = 1500
sgd iteration = 1600
sgd iteration = 1700
sgd iteration = 1800
sgd iteration = 1900
sgd iteration = 2000
sgd iteration = 2100
sgd iteration = 2200
sgd iteration = 2300
sgd iteration = 2400
sgd iteration = 2500
sgd iteration = 2600
sgd iteration = 2700
sgd iteration = 2800
sgd iteration = 2900
sgd iteration = 3000
sgd iteration = 3100
sgd iteration = 3200
sgd iteration = 3300
sgd iteration = 3400
sgd iteration = 3500
sgd iteration = 3600
sgd iteration = 3700
sgd iteration = 3800
sgd iteration = 3900
sgd iteration = 4000
sgd iteration = 4100
sgd iteration = 4200
sgd iteration = 4300
sgd iteration = 4400
sgd iteration = 4500
sgd iteration = 4600
sgd iteration = 4700
sgd iteration = 4800
sgd iteration = 4900
sgd iteration = 5000
sgd iteration = 5100
sgd iteration = 5200
sgd iteration = 5300
sgd iteration = 5400
sgd iteration = 5500
sgd iteration = 5600
sgd iteration = 5700
sgd iteration = 5800
sgd iteration = 5900
sgd iteration = 6000
sgd iteration = 6100
sgd iteration = 6200
sgd iteration = 6300
sgd iteration = 6400
sgd iteration = 6500
sgd iteration = 6600
sgd iteration = 6700
sgd iteration = 6800
sgd iteration = 6900
sgd iteration = 7000
sgd iteration = 7100
sgd iteration = 7200
sgd iteration = 7300
sgd iteration = 7400
sgd iteration = 7500
sgd iteration = 7600
sgd iteration = 7700
sgd iteration = 7800
sgd iteration = 7900
sgd iteration = 8000
sgd iteration = 8100
sgd iteration = 8200
sgd iteration = 8300
sgd iteration = 8400
sgd iteration = 8500
sgd iteration = 8600
sgd iteration = 8700
sgd iteration = 8800
sgd iteration = 8900
sgd iteration = 9000
sgd iteration = 9100
sgd iteration = 9200
sgd iteration = 9300
sgd iteration = 9400
sgd iteration = 9500
sgd iteration = 9600
sgd iteration = 9700
sgd iteration = 9800
sgd iteration = 9900
sgd iteration = 10000
sgd iteration = 10100
sgd iteration = 10200
sgd iteration = 10300
sgd iteration = 10400
sgd iteration = 10500
sgd iteration = 10600
sgd iteration = 10700
sgd iteration = 10800
sgd iteration = 10900
sgd iteration = 11000
sgd iteration = 11100
sgd iteration = 11200
sgd iteration = 11300
sgd iteration = 11400
sgd iteration = 11500
sgd iteration = 11600
sgd iteration = 11700
sgd iteration = 11800
sgd iteration = 11900
sgd iteration = 12000
sgd iteration = 12100
sgd iteration = 12200
sgd iteration = 12300
sgd iteration = 12400
sgd iteration = 12500
sgd iteration = 12600
sgd iteration = 12700
sgd iteration = 12800
sgd iteration = 12900
sgd iteration = 13000
sgd iteration = 13100
sgd iteration = 13200
sgd iteration = 13300
sgd iteration = 13400
sgd iteration = 13500
sgd iteration = 13600
sgd iteration = 13700
sgd iteration = 13800
sgd iteration = 13900
sgd iteration = 14000
sgd iteration = 14100
sgd iteration = 14200
sgd iteration = 14300
sgd iteration = 14400
sgd iteration = 14500
sgd iteration = 14600
sgd iteration = 14700
sgd iteration = 14800
sgd iteration = 14900
sgd iteration = 15000
sgd iteration = 15100
sgd iteration = 15200
sgd iteration = 15300
sgd iteration = 15400
sgd iteration = 15500
sgd iteration = 15600
sgd iteration = 15700
sgd iteration = 15800
sgd iteration = 15900
sgd iteration = 16000
sgd iteration = 16100
sgd iteration = 16200
sgd iteration = 16300
sgd iteration = 16400
sgd iteration = 16500
sgd iteration = 16600
sgd iteration = 16700
sgd iteration = 16800
sgd iteration = 16900
sgd iteration = 17000
sgd iteration = 17100
sgd iteration = 17200
sgd iteration = 17300
sgd iteration = 17400
sgd iteration = 17500
sgd iteration = 17600
sgd iteration = 17700
sgd iteration = 17800
sgd iteration = 17900
sgd iteration = 18000
sgd iteration = 18100
sgd iteration = 18200
sgd iteration = 18300
sgd iteration = 18400
sgd iteration = 18500
sgd iteration = 18600
sgd iteration = 18700
sgd iteration = 18800
sgd iteration = 18900
sgd iteration = 19000
sgd iteration = 19100
sgd iteration = 19200
sgd iteration = 19300
sgd iteration = 19400
sgd iteration = 19500
sgd iteration = 19600
sgd iteration = 19700
sgd iteration = 19800
sgd iteration = 19900
sgd iteration = 20000
sgd iteration = 20100
sgd iteration = 20200
sgd iteration = 20300
sgd iteration = 20400
sgd iteration = 20500
sgd iteration = 20600
sgd iteration = 20700
sgd iteration = 20800
sgd iteration = 20900
sgd iteration = 21000
sgd iteration = 21100
sgd iteration = 21200
sgd iteration = 21300
sgd iteration = 21400
sgd iteration = 21500
sgd iteration = 21600
sgd iteration = 21700
sgd iteration = 21800
sgd iteration = 21900
sgd iteration = 22000
sgd iteration = 22100
sgd iteration = 22200
sgd iteration = 22300
sgd iteration = 22400
sgd iteration = 22500
sgd iteration = 22600
sgd iteration = 22700
sgd iteration = 22800
sgd iteration = 22900
sgd iteration = 23000
sgd iteration = 23100
sgd iteration = 23200
sgd iteration = 23300
sgd iteration = 23400
sgd iteration = 23500
sgd iteration = 23600
sgd iteration = 23700
sgd iteration = 23800
sgd iteration = 23900
sgd iteration = 24000
sgd iteration = 24100
sgd iteration = 24200
sgd iteration = 24300
sgd iteration = 24400
sgd iteration = 24500
sgd iteration = 24600
sgd iteration = 24700
sgd iteration = 24800
sgd iteration = 24900
sgd iteration = 25000
sgd iteration = 25100
sgd iteration = 25200
sgd iteration = 25300
sgd iteration = 25400
sgd iteration = 25500
sgd iteration = 25600
sgd iteration = 25700
sgd iteration = 25800
sgd iteration = 25900
sgd iteration = 26000
sgd iteration = 26100
sgd iteration = 26200
sgd iteration = 26300
sgd iteration = 26400
sgd iteration = 26500
sgd iteration = 26600
sgd iteration = 26700
sgd iteration = 26800
sgd iteration = 26900
sgd iteration = 27000
sgd iteration = 27100
sgd iteration = 27200
sgd iteration = 27300
sgd iteration = 27400
sgd iteration = 27500
sgd iteration = 27600
sgd iteration = 27700
sgd iteration = 27800
sgd iteration = 27900
sgd iteration = 28000
sgd iteration = 28100
sgd iteration = 28200
sgd iteration = 28300
sgd iteration = 28400
sgd iteration = 28500
sgd iteration = 28600
sgd iteration = 28700
sgd iteration = 28800
sgd iteration = 28900
sgd iteration = 29000
sgd iteration = 29100
sgd iteration = 29200
sgd iteration = 29300
sgd iteration = 29400
sgd iteration = 29500
sgd iteration = 29600
sgd iteration = 29700
sgd iteration = 29800
sgd iteration = 29900
sgd iteration = 30000
sgd iteration = 30100
sgd iteration = 30200
sgd iteration = 30300
sgd iteration = 30400
sgd iteration = 30500
sgd iteration = 30600
sgd iteration = 30700
sgd iteration = 30800
sgd iteration = 30900
sgd iteration = 31000
sgd iteration = 31100
sgd iteration = 31200
sgd iteration = 31300
sgd iteration = 31400
sgd iteration = 31500
sgd iteration = 31600
sgd iteration = 31700
sgd iteration = 31800
sgd iteration = 31900
sgd iteration = 32000
sgd iteration = 32100
sgd iteration = 32200
sgd iteration = 32300
sgd iteration = 32400
sgd iteration = 32500
sgd iteration = 32600
sgd iteration = 32700
sgd iteration = 32800
sgd iteration = 32900
sgd iteration = 33000
sgd iteration = 33100
sgd iteration = 33200
sgd iteration = 33300
sgd iteration = 33400
sgd iteration = 33500
sgd iteration = 33600
sgd iteration = 33700
sgd iteration = 33800
sgd iteration = 33900
sgd iteration = 34000
sgd iteration = 34100
sgd iteration = 34200
sgd iteration = 34300
sgd iteration = 34400
sgd iteration = 34500
sgd iteration = 34600
sgd iteration = 34700
sgd iteration = 34800
sgd iteration = 34900
sgd iteration = 35000
sgd iteration = 35100
sgd iteration = 35200
sgd iteration = 35300
sgd iteration = 35400
sgd iteration = 35500
sgd iteration = 35600
sgd iteration = 35700
sgd iteration = 35800
sgd iteration = 35900
sgd iteration = 36000
sgd iteration = 36100
sgd iteration = 36200
sgd iteration = 36300
sgd iteration = 36400
sgd iteration = 36500
sgd iteration = 36600
sgd iteration = 36700
sgd iteration = 36800
sgd iteration = 36900
sgd iteration = 37000
sgd iteration = 37100
sgd iteration = 37200
sgd iteration = 37300
sgd iteration = 37400
sgd iteration = 37500
sgd iteration = 37600
sgd iteration = 37700
sgd iteration = 37800
sgd iteration = 37900
sgd iteration = 38000
sgd iteration = 38100
sgd iteration = 38200
sgd iteration = 38300
sgd iteration = 38400
sgd iteration = 38500
sgd iteration = 38600
sgd iteration = 38700
sgd iteration = 38800
sgd iteration = 38900
sgd iteration = 39000
sgd iteration = 39100
sgd iteration = 39200
sgd iteration = 39300
sgd iteration = 39400
sgd iteration = 39500
sgd iteration = 39600
sgd iteration = 39700
sgd iteration = 39800
sgd iteration = 39900
sgd iteration = 40000
sgd iteration = 40100
sgd iteration = 40200
sgd iteration = 40300
sgd iteration = 40400
sgd iteration = 40500
sgd iteration = 40600
sgd iteration = 40700
sgd iteration = 40800
sgd iteration = 40900
sgd iteration = 41000
sgd iteration = 41100
sgd iteration = 41200
sgd iteration = 41300
sgd iteration = 41400
sgd iteration = 41500
sgd iteration = 41600
sgd iteration = 41700
sgd iteration = 41800
sgd iteration = 41900
sgd iteration = 42000
sgd iteration = 42100
sgd iteration = 42200
sgd iteration = 42300
sgd iteration = 42400
sgd iteration = 42500
sgd iteration = 42600
sgd iteration = 42700
sgd iteration = 42800
sgd iteration = 42900
sgd iteration = 43000
sgd iteration = 43100
sgd iteration = 43200
sgd iteration = 43300
sgd iteration = 43400
sgd iteration = 43500
sgd iteration = 43600
sgd iteration = 43700
sgd iteration = 43800
sgd iteration = 43900
sgd iteration = 44000
sgd iteration = 44100
sgd iteration = 44200
sgd iteration = 44300
sgd iteration = 44400
sgd iteration = 44500
sgd iteration = 44600
sgd iteration = 44700
sgd iteration = 44800
sgd iteration = 44900
sgd iteration = 45000
sgd iteration = 45100
sgd iteration = 45200
sgd iteration = 45300
sgd iteration = 45400
sgd iteration = 45500
sgd iteration = 45600
sgd iteration = 45700
sgd iteration = 45800
sgd iteration = 45900
sgd iteration = 46000
sgd iteration = 46100
sgd iteration = 46200
sgd iteration = 46300
sgd iteration = 46400
sgd iteration = 46500
sgd iteration = 46600
sgd iteration = 46700
sgd iteration = 46800
sgd iteration = 46900
sgd iteration = 47000
sgd iteration = 47100
sgd iteration = 47200
sgd iteration = 47300
sgd iteration = 47400
sgd iteration = 47500
sgd iteration = 47600
sgd iteration = 47700
sgd iteration = 47800
sgd iteration = 47900
sgd iteration = 48000
sgd iteration = 48100
sgd iteration = 48200
sgd iteration = 48300
sgd iteration = 48400
sgd iteration = 48500
sgd iteration = 48600
sgd iteration = 48700
sgd iteration = 48800
sgd iteration = 48900
sgd iteration = 49000
sgd iteration = 49100
sgd iteration = 49200
sgd iteration = 49300
sgd iteration = 49400
sgd iteration = 49500
sgd iteration = 49600
sgd iteration = 49700
sgd iteration = 49800
sgd iteration = 49900
sgd iteration = 50000
sgd iteration = 50100
sgd iteration = 50200
sgd iteration = 50300
sgd iteration = 50400
sgd iteration = 50500
sgd iteration = 50600
sgd iteration = 50700
sgd iteration = 50800
sgd iteration = 50900
sgd iteration = 51000
sgd iteration = 51100
sgd iteration = 51200
sgd iteration = 51300
sgd iteration = 51400
sgd iteration = 51500
sgd iteration = 51600
sgd iteration = 51700
sgd iteration = 51800
sgd iteration = 51900
sgd iteration = 52000
sgd iteration = 52100
sgd iteration = 52200
sgd iteration = 52300
sgd iteration = 52400
sgd iteration = 52500
sgd iteration = 52600
sgd iteration = 52700
sgd iteration = 52800
sgd iteration = 52900
sgd iteration = 53000
sgd iteration = 53100
sgd iteration = 53200
sgd iteration = 53300
sgd iteration = 53400
sgd iteration = 53500
sgd iteration = 53600
sgd iteration = 53700
sgd iteration = 53800
sgd iteration = 53900
sgd iteration = 54000
sgd iteration = 54100
sgd iteration = 54200
sgd iteration = 54300
sgd iteration = 54400
sgd iteration = 54500
sgd iteration = 54600
sgd iteration = 54700
sgd iteration = 54800
sgd iteration = 54900
sgd iteration = 55000
sgd iteration = 55100
sgd iteration = 55200
sgd iteration = 55300
sgd iteration = 55400
sgd iteration = 55500
sgd iteration = 55600
sgd iteration = 55700
sgd iteration = 55800
sgd iteration = 55900
sgd iteration = 56000
sgd iteration = 56100
sgd iteration = 56200
sgd iteration = 56300
sgd iteration = 56400
sgd iteration = 56500
sgd iteration = 56600
sgd iteration = 56700
sgd iteration = 56800
sgd iteration = 56900
sgd iteration = 57000
sgd iteration = 57100
sgd iteration = 57200
sgd iteration = 57300
sgd iteration = 57400
sgd iteration = 57500
sgd iteration = 57600
sgd iteration = 57700
sgd iteration = 57800
sgd iteration = 57900
sgd iteration = 58000
sgd iteration = 58100
sgd iteration = 58200
sgd iteration = 58300
sgd iteration = 58400
sgd iteration = 58500
sgd iteration = 58600
sgd iteration = 58700
sgd iteration = 58800
sgd iteration = 58900
sgd iteration = 59000
sgd iteration = 59100
sgd iteration = 59200
sgd iteration = 59300
sgd iteration = 59400
sgd iteration = 59500
sgd iteration = 59600
sgd iteration = 59700
sgd iteration = 59800
sgd iteration = 59900
sgd iteration = 60000
sgd iteration = 60100
sgd iteration = 60200
sgd iteration = 60300
sgd iteration = 60400
sgd iteration = 60500
sgd iteration = 60600
sgd iteration = 60700
sgd iteration = 60800
sgd iteration = 60900
sgd iteration = 61000
sgd iteration = 61100
sgd iteration = 61200
sgd iteration = 61300
sgd iteration = 61400
sgd iteration = 61500
sgd iteration = 61600
sgd iteration = 61700
sgd iteration = 61800
sgd iteration = 61900
sgd iteration = 62000
sgd iteration = 62100
sgd iteration = 62200
sgd iteration = 62300
sgd iteration = 62400
sgd iteration = 62500
sgd iteration = 62600
sgd iteration = 62700
sgd iteration = 62800
sgd iteration = 62900
sgd iteration = 63000
sgd iteration = 63100
sgd iteration = 63200
sgd iteration = 63300
sgd iteration = 63400
sgd iteration = 63500
sgd iteration = 63600
sgd iteration = 63700
sgd iteration = 63800
sgd iteration = 63900
sgd iteration = 64000
sgd iteration = 64100
sgd iteration = 64200
sgd iteration = 64300
sgd iteration = 64400
sgd iteration = 64500
sgd iteration = 64600
sgd iteration = 64700
sgd iteration = 64800
sgd iteration = 64900
sgd iteration = 65000
sgd iteration = 65100
sgd iteration = 65200
sgd iteration = 65300
sgd iteration = 65400
sgd iteration = 65500
sgd iteration = 65600
sgd iteration = 65700
sgd iteration = 65800
sgd iteration = 65900
sgd iteration = 66000
sgd iteration = 66100
sgd iteration = 66200
sgd iteration = 66300
sgd iteration = 66400
sgd iteration = 66500
sgd iteration = 66600
sgd iteration = 66700
sgd iteration = 66800
sgd iteration = 66900
sgd iteration = 67000
sgd iteration = 67100
sgd iteration = 67200
sgd iteration = 67300
sgd iteration = 67400
sgd iteration = 67500
sgd iteration = 67600
sgd iteration = 67700
sgd iteration = 67800
sgd iteration = 67900
sgd iteration = 68000
sgd iteration = 68100
sgd iteration = 68200
sgd iteration = 68300
sgd iteration = 68400
sgd iteration = 68500
sgd iteration = 68600
sgd iteration = 68700
sgd iteration = 68800
sgd iteration = 68900
sgd iteration = 69000
sgd iteration = 69100
sgd iteration = 69200
sgd iteration = 69300
sgd iteration = 69400
sgd iteration = 69500
sgd iteration = 69600
sgd iteration = 69700
sgd iteration = 69800
sgd iteration = 69900
sgd iteration = 70000
sgd iteration = 70100
sgd iteration = 70200
sgd iteration = 70300
sgd iteration = 70400
sgd iteration = 70500
sgd iteration = 70600
sgd iteration = 70700
sgd iteration = 70800
sgd iteration = 70900
sgd iteration = 71000
sgd iteration = 71100
sgd iteration = 71200
sgd iteration = 71300
sgd iteration = 71400
sgd iteration = 71500
sgd iteration = 71600
sgd iteration = 71700
sgd iteration = 71800
sgd iteration = 71900
sgd iteration = 72000
sgd iteration = 72100
sgd iteration = 72200
sgd iteration = 72300
sgd iteration = 72400
sgd iteration = 72500
sgd iteration = 72600
sgd iteration = 72700
sgd iteration = 72800
sgd iteration = 72900
sgd iteration = 73000
sgd iteration = 73100
sgd iteration = 73200
sgd iteration = 73300
sgd iteration = 73400
sgd iteration = 73500
sgd iteration = 73600
sgd iteration = 73700
sgd iteration = 73800
sgd iteration = 73900
sgd iteration = 74000
sgd iteration = 74100
sgd iteration = 74200
sgd iteration = 74300
sgd iteration = 74400
sgd iteration = 74500
sgd iteration = 74600
sgd iteration = 74700
sgd iteration = 74800
sgd iteration = 74900
sgd iteration = 75000
sgd iteration = 75100
sgd iteration = 75200
sgd iteration = 75300
sgd iteration = 75400
sgd iteration = 75500
sgd iteration = 75600
sgd iteration = 75700
sgd iteration = 75800
sgd iteration = 75900
sgd iteration = 76000
sgd iteration = 76100
sgd iteration = 76200
sgd iteration = 76300
sgd iteration = 76400
sgd iteration = 76500
sgd iteration = 76600
sgd iteration = 76700
sgd iteration = 76800
sgd iteration = 76900
sgd iteration = 77000
sgd iteration = 77100
sgd iteration = 77200
sgd iteration = 77300
sgd iteration = 77400
sgd iteration = 77500
sgd iteration = 77600
sgd iteration = 77700
sgd iteration = 77800
sgd iteration = 77900
sgd iteration = 78000
sgd iteration = 78100
sgd iteration = 78200
sgd iteration = 78300
sgd iteration = 78400
sgd iteration = 78500
sgd iteration = 78600
sgd iteration = 78700
sgd iteration = 78800
sgd iteration = 78900
sgd iteration = 79000
sgd iteration = 79100
sgd iteration = 79200
sgd iteration = 79300
sgd iteration = 79400
sgd iteration = 79500
sgd iteration = 79600
sgd iteration = 79700
sgd iteration = 79800
sgd iteration = 79900
sgd iteration = 80000
sgd iteration = 80100
sgd iteration = 80200
sgd iteration = 80300
sgd iteration = 80400
sgd iteration = 80500
sgd iteration = 80600
sgd iteration = 80700
sgd iteration = 80800
sgd iteration = 80900
sgd iteration = 81000
sgd iteration = 81100
sgd iteration = 81200
sgd iteration = 81300
sgd iteration = 81400
sgd iteration = 81500
sgd iteration = 81600
sgd iteration = 81700
sgd iteration = 81800
sgd iteration = 81900
sgd iteration = 82000
sgd iteration = 82100
sgd iteration = 82200
sgd iteration = 82300
sgd iteration = 82400
sgd iteration = 82500
sgd iteration = 82600
sgd iteration = 82700
sgd iteration = 82800
sgd iteration = 82900
sgd iteration = 83000
sgd iteration = 83100
sgd iteration = 83200
sgd iteration = 83300
sgd iteration = 83400
sgd iteration = 83500
sgd iteration = 83600
sgd iteration = 83700
sgd iteration = 83800
sgd iteration = 83900
sgd iteration = 84000
sgd iteration = 84100
sgd iteration = 84200
sgd iteration = 84300
sgd iteration = 84400
sgd iteration = 84500
sgd iteration = 84600
sgd iteration = 84700
sgd iteration = 84800
sgd iteration = 84900
sgd iteration = 85000
sgd iteration = 85100
sgd iteration = 85200
sgd iteration = 85300
sgd iteration = 85400
sgd iteration = 85500
sgd iteration = 85600
sgd iteration = 85700
sgd iteration = 85800
sgd iteration = 85900
sgd iteration = 86000
sgd iteration = 86100
sgd iteration = 86200
sgd iteration = 86300
sgd iteration = 86400
sgd iteration = 86500
sgd iteration = 86600
sgd iteration = 86700
sgd iteration = 86800
sgd iteration = 86900
sgd iteration = 87000
sgd iteration = 87100
sgd iteration = 87200
sgd iteration = 87300
sgd iteration = 87400
sgd iteration = 87500
sgd iteration = 87600
sgd iteration = 87700
sgd iteration = 87800
sgd iteration = 87900
sgd iteration = 88000
sgd iteration = 88100
sgd iteration = 88200
sgd iteration = 88300
sgd iteration = 88400
sgd iteration = 88500
sgd iteration = 88600
sgd iteration = 88700
sgd iteration = 88800
sgd iteration = 88900
sgd iteration = 89000
sgd iteration = 89100
sgd iteration = 89200
sgd iteration = 89300
sgd iteration = 89400
sgd iteration = 89500
sgd iteration = 89600
sgd iteration = 89700
sgd iteration = 89800
sgd iteration = 89900
sgd iteration = 90000
sgd iteration = 90100
sgd iteration = 90200
sgd iteration = 90300
sgd iteration = 90400
sgd iteration = 90500
sgd iteration = 90600
sgd iteration = 90700
sgd iteration = 90800
sgd iteration = 90900
sgd iteration = 91000
sgd iteration = 91100
sgd iteration = 91200
sgd iteration = 91300
sgd iteration = 91400
sgd iteration = 91500
sgd iteration = 91600
sgd iteration = 91700
sgd iteration = 91800
sgd iteration = 91900
sgd iteration = 92000
sgd iteration = 92100
sgd iteration = 92200
sgd iteration = 92300
sgd iteration = 92400
sgd iteration = 92500
sgd iteration = 92600
sgd iteration = 92700
sgd iteration = 92800
sgd iteration = 92900
sgd iteration = 93000
sgd iteration = 93100
sgd iteration = 93200
sgd iteration = 93300
sgd iteration = 93400
sgd iteration = 93500
sgd iteration = 93600
sgd iteration = 93700
sgd iteration = 93800
sgd iteration = 93900
sgd iteration = 94000
sgd iteration = 94100
sgd iteration = 94200
sgd iteration = 94300
sgd iteration = 94400
sgd iteration = 94500
sgd iteration = 94600
sgd iteration = 94700
sgd iteration = 94800
sgd iteration = 94900
sgd iteration = 95000
sgd iteration = 95100
sgd iteration = 95200
sgd iteration = 95300
sgd iteration = 95400
sgd iteration = 95500
sgd iteration = 95600
sgd iteration = 95700
sgd iteration = 95800
sgd iteration = 95900
sgd iteration = 96000
sgd iteration = 96100
sgd iteration = 96200
sgd iteration = 96300
sgd iteration = 96400
sgd iteration = 96500
sgd iteration = 96600
sgd iteration = 96700
sgd iteration = 96800
sgd iteration = 96900
sgd iteration = 97000
sgd iteration = 97100
sgd iteration = 97200
sgd iteration = 97300
sgd iteration = 97400
sgd iteration = 97500
sgd iteration = 97600
sgd iteration = 97700
sgd iteration = 97800
sgd iteration = 97900
sgd iteration = 98000

train_error_HBF1 =

    0.4317


test_error_HBF1 =

    0.4228


path_error_iterations =

./results/r_11feb_j3/test_error_vs_iterations3


test_error_RBF =

    0.3908


train_error_RBF =

    0.3998


results_path =

./results/r_11feb_j3/


result_path_file =

./results/r_11feb_j3/results_om_id3.m


fileID =

     3

       98000


secs =

   1.9440e+05


minutes =

   3.2399e+03


hours =

   53.9991


fileID =

     4

Your MATLAB session has timed out.  All license keys have been returned.
