
                            < M A T L A B (R) >
                  Copyright 1984-2015 The MathWorks, Inc.
                   R2015a (8.5.0.197613) 64-bit (glnxa64)
                             February 12, 2015

 
For online documentation, see http://www.mathworks.com/support
For product information, visit www.mathworks.com.
 

	Academic License


slurm_job_id =

    10922454


task_id =

     8

Contents of RBF:

RBF                            - class
learn_RBF_batch_GD             - learn_HBF_parameters_1_hidden_later - learns HBF params from Poggio's Paper


RBF is both a directory and a function.

 RBF class
    class that holds a 1 layered RBF


gau_precision =

    0.5000


num_inits =

    10


iterations =

       15000


eta_c =

    0.0100


visualize =

     0


sgd_errors =

     1


cp_folder =

cp_11feb_j2/


cp_param_files_names =

cp_11feb_j2_%d.m


results_path =

./results/r_11feb_j2/


jobs =

    10


start_centers =

     1


end_centers =

    40


data_set_path =

../../../common/data/data_MNIST_data4CV_5000.mat


gau_precision =

    0.5000


num_inits =

    10


iterations =

       15000


eta_c =

    0.0100


visualize =

     0


sgd_errors =

     1


cp_folder =

cp_11feb_j2/


cp_param_files_names =

cp_11feb_j2_%d.m


results_path =

./results/r_11feb_j2/


jobs =

    10


start_centers =

     1


end_centers =

    40


data_set_path =

../../../common/data/data_MNIST_data4CV_5000.mat


center =

    31

sgd iteration = 500
sgd iteration = 1000
sgd iteration = 1500
sgd iteration = 2000
sgd iteration = 2500
sgd iteration = 3000
sgd iteration = 3500
sgd iteration = 4000
sgd iteration = 4500
sgd iteration = 5000
sgd iteration = 5500
sgd iteration = 6000
sgd iteration = 6500
sgd iteration = 7000
sgd iteration = 7500
sgd iteration = 8000
sgd iteration = 8500
sgd iteration = 9000
sgd iteration = 9500
sgd iteration = 10000
sgd iteration = 10500
sgd iteration = 11000
sgd iteration = 11500
sgd iteration = 12000
sgd iteration = 12500
sgd iteration = 13000
sgd iteration = 13500
sgd iteration = 14000
sgd iteration = 14500
sgd iteration = 15000
sgd iteration = 500
sgd iteration = 1000
sgd iteration = 1500
sgd iteration = 2000
sgd iteration = 2500
sgd iteration = 3000
sgd iteration = 3500
sgd iteration = 4000
sgd iteration = 4500
sgd iteration = 5000
sgd iteration = 5500
sgd iteration = 6000
sgd iteration = 6500
sgd iteration = 7000
sgd iteration = 7500
sgd iteration = 8000
sgd iteration = 8500
sgd iteration = 9000
sgd iteration = 9500
sgd iteration = 10000
sgd iteration = 10500
sgd iteration = 11000
sgd iteration = 11500
sgd iteration = 12000
sgd iteration = 12500
sgd iteration = 13000
sgd iteration = 13500
sgd iteration = 14000
sgd iteration = 14500
sgd iteration = 15000
sgd iteration = 500
sgd iteration = 1000
sgd iteration = 1500
sgd iteration = 2000
sgd iteration = 2500
sgd iteration = 3000
sgd iteration = 3500
sgd iteration = 4000
sgd iteration = 4500
sgd iteration = 5000
sgd iteration = 5500
sgd iteration = 6000
sgd iteration = 6500
sgd iteration = 7000
sgd iteration = 7500
sgd iteration = 8000
sgd iteration = 8500
sgd iteration = 9000
sgd iteration = 9500
sgd iteration = 10000
sgd iteration = 10500
sgd iteration = 11000
sgd iteration = 11500
sgd iteration = 12000
sgd iteration = 12500
sgd iteration = 13000
sgd iteration = 13500
sgd iteration = 14000
sgd iteration = 14500
sgd iteration = 15000
sgd iteration = 500
sgd iteration = 1000
sgd iteration = 1500
sgd iteration = 2000
sgd iteration = 2500
sgd iteration = 3000
sgd iteration = 3500
sgd iteration = 4000
sgd iteration = 4500
sgd iteration = 5000
sgd iteration = 5500
sgd iteration = 6000
sgd iteration = 6500
sgd iteration = 7000
sgd iteration = 7500
sgd iteration = 8000
sgd iteration = 8500
sgd iteration = 9000
sgd iteration = 9500
sgd iteration = 10000
sgd iteration = 10500
sgd iteration = 11000
sgd iteration = 11500
sgd iteration = 12000
sgd iteration = 12500
sgd iteration = 13000
sgd iteration = 13500
sgd iteration = 14000
sgd iteration = 14500
sgd iteration = 15000
sgd iteration = 500
sgd iteration = 1000
sgd iteration = 1500
sgd iteration = 2000
sgd iteration = 2500
sgd iteration = 3000
sgd iteration = 3500
sgd iteration = 4000
sgd iteration = 4500
sgd iteration = 5000
sgd iteration = 5500
sgd iteration = 6000
sgd iteration = 6500
sgd iteration = 7000
sgd iteration = 7500
sgd iteration = 8000
sgd iteration = 8500
sgd iteration = 9000
sgd iteration = 9500
sgd iteration = 10000
sgd iteration = 10500
sgd iteration = 11000
sgd iteration = 11500
sgd iteration = 12000
sgd iteration = 12500
sgd iteration = 13000
sgd iteration = 13500
sgd iteration = 14000
sgd iteration = 14500
sgd iteration = 15000
sgd iteration = 500
sgd iteration = 1000
sgd iteration = 1500
sgd iteration = 2000
sgd iteration = 2500
sgd iteration = 3000
sgd iteration = 3500
sgd iteration = 4000
sgd iteration = 4500
sgd iteration = 5000
sgd iteration = 5500
sgd iteration = 6000
sgd iteration = 6500
sgd iteration = 7000
sgd iteration = 7500
sgd iteration = 8000
sgd iteration = 8500
sgd iteration = 9000
sgd iteration = 9500
sgd iteration = 10000
sgd iteration = 10500
sgd iteration = 11000
sgd iteration = 11500
sgd iteration = 12000
sgd iteration = 12500
sgd iteration = 13000
sgd iteration = 13500
sgd iteration = 14000
sgd iteration = 14500
sgd iteration = 15000
sgd iteration = 500
sgd iteration = 1000
sgd iteration = 1500
sgd iteration = 2000
sgd iteration = 2500
sgd iteration = 3000
sgd iteration = 3500
sgd iteration = 4000
sgd iteration = 4500
sgd iteration = 5000
sgd iteration = 5500
sgd iteration = 6000
sgd iteration = 6500
sgd iteration = 7000
sgd iteration = 7500
sgd iteration = 8000
sgd iteration = 8500
sgd iteration = 9000
sgd iteration = 9500
sgd iteration = 10000
sgd iteration = 10500
sgd iteration = 11000
sgd iteration = 11500
sgd iteration = 12000
sgd iteration = 12500
sgd iteration = 13000
sgd iteration = 13500
sgd iteration = 14000
sgd iteration = 14500
sgd iteration = 15000
sgd iteration = 500
sgd iteration = 1000
sgd iteration = 1500
sgd iteration = 2000
sgd iteration = 2500
sgd iteration = 3000
sgd iteration = 3500
sgd iteration = 4000
sgd iteration = 4500
sgd iteration = 5000
sgd iteration = 5500
sgd iteration = 6000
sgd iteration = 6500
sgd iteration = 7000
sgd iteration = 7500
sgd iteration = 8000
sgd iteration = 8500
sgd iteration = 9000
sgd iteration = 9500
sgd iteration = 10000
sgd iteration = 10500
sgd iteration = 11000
sgd iteration = 11500
sgd iteration = 12000
sgd iteration = 12500
sgd iteration = 13000
sgd iteration = 13500
sgd iteration = 14000
sgd iteration = 14500
sgd iteration = 15000
sgd iteration = 500
sgd iteration = 1000
sgd iteration = 1500
sgd iteration = 2000
sgd iteration = 2500
sgd iteration = 3000
sgd iteration = 3500
sgd iteration = 4000
sgd iteration = 4500
sgd iteration = 5000
sgd iteration = 5500
sgd iteration = 6000
sgd iteration = 6500
sgd iteration = 7000
sgd iteration = 7500
sgd iteration = 8000
sgd iteration = 8500
sgd iteration = 9000
sgd iteration = 9500
sgd iteration = 10000
sgd iteration = 10500
sgd iteration = 11000
sgd iteration = 11500
sgd iteration = 12000
sgd iteration = 12500
sgd iteration = 13000
sgd iteration = 13500
sgd iteration = 14000
sgd iteration = 14500
sgd iteration = 15000
sgd iteration = 500
sgd iteration = 1000
sgd iteration = 1500
sgd iteration = 2000
sgd iteration = 2500
sgd iteration = 3000
sgd iteration = 3500
sgd iteration = 4000
sgd iteration = 4500
sgd iteration = 5000
sgd iteration = 5500
sgd iteration = 6000
sgd iteration = 6500
sgd iteration = 7000
sgd iteration = 7500
sgd iteration = 8000
sgd iteration = 8500
sgd iteration = 9000
sgd iteration = 9500
sgd iteration = 10000
sgd iteration = 10500
sgd iteration = 11000
sgd iteration = 11500
sgd iteration = 12000
sgd iteration = 12500
sgd iteration = 13000
sgd iteration = 13500
sgd iteration = 14000
sgd iteration = 14500
sgd iteration = 15000

train_error_HBF1 =

    0.8818


test_error_HBF1 =

    0.8830


path_error_iterations =

./results/r_11feb_j2/test_error_vs_iterations8


test_error_RBF =

    0.2300


train_error_RBF =

    0.2211


results_path =

./results/r_11feb_j2/


result_path_file =

./results/r_11feb_j2/results_om_id8.m


fileID =

     3

       15000


secs =

   8.7090e+04


minutes =

   1.4515e+03


hours =

   24.1916


fileID =

     4

Your MATLAB session has timed out.  All license keys have been returned.
