
                            < M A T L A B (R) >
                  Copyright 1984-2015 The MathWorks, Inc.
                   R2015a (8.5.0.197613) 64-bit (glnxa64)
                             February 12, 2015

 
For online documentation, see http://www.mathworks.com/support
For product information, visit www.mathworks.com.
 

	Academic License


slurm_job_id =

    10922344


task_id =

     9

Contents of RBF:

RBF                            - class
learn_RBF_batch_GD             - learn_HBF_parameters_1_hidden_later - learns HBF params from Poggio's Paper


RBF is both a directory and a function.

 RBF class
    class that holds a 1 layered RBF


gau_precision =

    0.5000


num_inits =

    10


iterations =

        3000


eta_c =

    0.0100


visualize =

     0


sgd_errors =

     1


cp_folder =

cp_11feb_j1/


cp_param_files_names =

cp_11feb_j1_%d.m


results_path =

./results/r_11feb_j1/


jobs =

    10


start_centers =

     1


end_centers =

    40


data_set_path =

../../../common/data/data_MNIST_data4CV_1000.mat


gau_precision =

    0.5000


num_inits =

    10


iterations =

        3000


eta_c =

    0.0100


visualize =

     0


sgd_errors =

     1


cp_folder =

cp_11feb_j1/


cp_param_files_names =

cp_11feb_j1_%d.m


results_path =

./results/r_11feb_j1/


jobs =

    10


start_centers =

     1


end_centers =

    40


data_set_path =

../../../common/data/data_MNIST_data4CV_1000.mat


center =

    35

sgd iteration = 100
sgd iteration = 200
sgd iteration = 300
sgd iteration = 400
sgd iteration = 500
sgd iteration = 600
sgd iteration = 700
sgd iteration = 800
sgd iteration = 900
sgd iteration = 1000
sgd iteration = 1100
sgd iteration = 1200
sgd iteration = 1300
sgd iteration = 1400
sgd iteration = 1500
sgd iteration = 1600
sgd iteration = 1700
sgd iteration = 1800
sgd iteration = 1900
sgd iteration = 2000
sgd iteration = 2100
sgd iteration = 2200
sgd iteration = 2300
sgd iteration = 2400
sgd iteration = 2500
sgd iteration = 2600
sgd iteration = 2700
sgd iteration = 2800
sgd iteration = 2900
sgd iteration = 3000
sgd iteration = 100
sgd iteration = 200
sgd iteration = 300
sgd iteration = 400
sgd iteration = 500
sgd iteration = 600
sgd iteration = 700
sgd iteration = 800
sgd iteration = 900
sgd iteration = 1000
sgd iteration = 1100
sgd iteration = 1200
sgd iteration = 1300
sgd iteration = 1400
sgd iteration = 1500
sgd iteration = 1600
sgd iteration = 1700
sgd iteration = 1800
sgd iteration = 1900
sgd iteration = 2000
sgd iteration = 2100
sgd iteration = 2200
sgd iteration = 2300
sgd iteration = 2400
sgd iteration = 2500
sgd iteration = 2600
sgd iteration = 2700
sgd iteration = 2800
sgd iteration = 2900
sgd iteration = 3000
sgd iteration = 100
sgd iteration = 200
sgd iteration = 300
sgd iteration = 400
sgd iteration = 500
sgd iteration = 600
sgd iteration = 700
sgd iteration = 800
sgd iteration = 900
sgd iteration = 1000
sgd iteration = 1100
sgd iteration = 1200
sgd iteration = 1300
sgd iteration = 1400
sgd iteration = 1500
sgd iteration = 1600
sgd iteration = 1700
sgd iteration = 1800
sgd iteration = 1900
sgd iteration = 2000
sgd iteration = 2100
sgd iteration = 2200
sgd iteration = 2300
sgd iteration = 2400
sgd iteration = 2500
sgd iteration = 2600
sgd iteration = 2700
sgd iteration = 2800
sgd iteration = 2900
sgd iteration = 3000
sgd iteration = 100
sgd iteration = 200
sgd iteration = 300
sgd iteration = 400
sgd iteration = 500
sgd iteration = 600
sgd iteration = 700
sgd iteration = 800
sgd iteration = 900
sgd iteration = 1000
sgd iteration = 1100
sgd iteration = 1200
sgd iteration = 1300
sgd iteration = 1400
sgd iteration = 1500
sgd iteration = 1600
sgd iteration = 1700
sgd iteration = 1800
sgd iteration = 1900
sgd iteration = 2000
sgd iteration = 2100
sgd iteration = 2200
sgd iteration = 2300
sgd iteration = 2400
sgd iteration = 2500
sgd iteration = 2600
sgd iteration = 2700
sgd iteration = 2800
sgd iteration = 2900
sgd iteration = 3000
sgd iteration = 100
sgd iteration = 200
sgd iteration = 300
sgd iteration = 400
sgd iteration = 500
sgd iteration = 600
sgd iteration = 700
sgd iteration = 800
sgd iteration = 900
sgd iteration = 1000
sgd iteration = 1100
sgd iteration = 1200
sgd iteration = 1300
sgd iteration = 1400
sgd iteration = 1500
sgd iteration = 1600
sgd iteration = 1700
sgd iteration = 1800
sgd iteration = 1900
sgd iteration = 2000
sgd iteration = 2100
sgd iteration = 2200
sgd iteration = 2300
sgd iteration = 2400
sgd iteration = 2500
sgd iteration = 2600
sgd iteration = 2700
sgd iteration = 2800
sgd iteration = 2900
sgd iteration = 3000
sgd iteration = 100
sgd iteration = 200
sgd iteration = 300
sgd iteration = 400
sgd iteration = 500
sgd iteration = 600
sgd iteration = 700
sgd iteration = 800
sgd iteration = 900
sgd iteration = 1000
sgd iteration = 1100
sgd iteration = 1200
sgd iteration = 1300
sgd iteration = 1400
sgd iteration = 1500
sgd iteration = 1600
sgd iteration = 1700
sgd iteration = 1800
sgd iteration = 1900
sgd iteration = 2000
sgd iteration = 2100
sgd iteration = 2200
sgd iteration = 2300
sgd iteration = 2400
sgd iteration = 2500
sgd iteration = 2600
sgd iteration = 2700
sgd iteration = 2800
sgd iteration = 2900
sgd iteration = 3000
sgd iteration = 100
sgd iteration = 200
sgd iteration = 300
sgd iteration = 400
sgd iteration = 500
sgd iteration = 600
sgd iteration = 700
sgd iteration = 800
sgd iteration = 900
sgd iteration = 1000
sgd iteration = 1100
sgd iteration = 1200
sgd iteration = 1300
sgd iteration = 1400
sgd iteration = 1500
sgd iteration = 1600
sgd iteration = 1700
sgd iteration = 1800
sgd iteration = 1900
sgd iteration = 2000
sgd iteration = 2100
sgd iteration = 2200
sgd iteration = 2300
sgd iteration = 2400
sgd iteration = 2500
sgd iteration = 2600
sgd iteration = 2700
sgd iteration = 2800
sgd iteration = 2900
sgd iteration = 3000
sgd iteration = 100
sgd iteration = 200
sgd iteration = 300
sgd iteration = 400
sgd iteration = 500
sgd iteration = 600
sgd iteration = 700
sgd iteration = 800
sgd iteration = 900
sgd iteration = 1000
sgd iteration = 1100
sgd iteration = 1200
sgd iteration = 1300
sgd iteration = 1400
sgd iteration = 1500
sgd iteration = 1600
sgd iteration = 1700
sgd iteration = 1800
sgd iteration = 1900
sgd iteration = 2000
sgd iteration = 2100
sgd iteration = 2200
sgd iteration = 2300
sgd iteration = 2400
sgd iteration = 2500
sgd iteration = 2600
sgd iteration = 2700
sgd iteration = 2800
sgd iteration = 2900
sgd iteration = 3000
sgd iteration = 100
sgd iteration = 200
sgd iteration = 300
sgd iteration = 400
sgd iteration = 500
sgd iteration = 600
sgd iteration = 700
sgd iteration = 800
sgd iteration = 900
sgd iteration = 1000
sgd iteration = 1100
sgd iteration = 1200
sgd iteration = 1300
sgd iteration = 1400
sgd iteration = 1500
sgd iteration = 1600
sgd iteration = 1700
sgd iteration = 1800
sgd iteration = 1900
sgd iteration = 2000
sgd iteration = 2100
sgd iteration = 2200
sgd iteration = 2300
sgd iteration = 2400
sgd iteration = 2500
sgd iteration = 2600
sgd iteration = 2700
sgd iteration = 2800
sgd iteration = 2900
sgd iteration = 3000
sgd iteration = 100
sgd iteration = 200
sgd iteration = 300
sgd iteration = 400
sgd iteration = 500
sgd iteration = 600
sgd iteration = 700
sgd iteration = 800
sgd iteration = 900
sgd iteration = 1000
sgd iteration = 1100
sgd iteration = 1200
sgd iteration = 1300
sgd iteration = 1400
sgd iteration = 1500
sgd iteration = 1600
sgd iteration = 1700
sgd iteration = 1800
sgd iteration = 1900
sgd iteration = 2000
sgd iteration = 2100
sgd iteration = 2200
sgd iteration = 2300
sgd iteration = 2400
sgd iteration = 2500
sgd iteration = 2600
sgd iteration = 2700
sgd iteration = 2800
sgd iteration = 2900
sgd iteration = 3000

train_error_HBF1 =

    1.1860


test_error_HBF1 =

    1.0949


path_error_iterations =

./results/r_11feb_j1/test_error_vs_iterations9


test_error_RBF =

    0.2168


train_error_RBF =

    0.1975


results_path =

./results/r_11feb_j1/


result_path_file =

./results/r_11feb_j1/results_om_id9.m


fileID =

     3

        3000


secs =

   2.4338e+03


minutes =

   40.5628


hours =

    0.6760


fileID =

     4

